<?xml version="1.0" encoding="UTF-8"?>
<!-- Generated by org.testng.reporters.JUnitReportReporter -->
<testsuite hostname="INLEN8520028254" failures="0" tests="2" name="cucumberOptions.TestRunner" time="27.764" errors="0" timestamp="2022-05-06T22:50:01 IST" skipped="0">
  <testcase classname="cucumberOptions.TestRunner" name="runScenario" time="9.262"/>
  <system-out/>
  <testcase classname="cucumberOptions.TestRunner" name="runScenario" time="18.502"/>
  <system-out/>
</testsuite> <!-- cucumberOptions.TestRunner -->
